<?xml version="1.0" encoding="UTF-8"?>
<testsuites>
	<testsuite tests="0" failures="0" time="0.000000" name="github.com/ggere/gototal-cover/cmd" timestamp="2022-01-22T00:00:00-05:00">
		<properties>
			<property name="go.version" value="go1.17 windows/amd64"></property>
		</properties>
	</testsuite>
	<testsuite tests="2" failures="0" time="0.000000" name="github.com/ggere/gototal-cover/internal" timestamp="2022-01-22T00:00:00-05:00">
		<properties>
			<property name="go.version" value="go1.17 windows/amd64"></property>
		</properties>
		<testcase classname="github.com/ggere/gototal-cover/internal" name="TestTotalCoverage_Returns100" time="0.000000"></testcase>
		<testcase classname="github.com/ggere/gototal-cover/internal" name="TestTotalCoverage_ReturnsError" time="0.000000"></testcase>
	</testsuite>
</testsuites>